mode: set
github.com/HenCor2019/task-go/api/tasks/services/services.go:18.61,20.2 1 1
github.com/HenCor2019/task-go/api/tasks/services/tasks.services.go:9.107,11.16 2 1
github.com/HenCor2019/task-go/api/tasks/services/tasks.services.go:14.2,15.16 2 1
github.com/HenCor2019/task-go/api/tasks/services/tasks.services.go:19.2,19.18 1 1
github.com/HenCor2019/task-go/api/tasks/services/tasks.services.go:11.16,12.66 1 1
github.com/HenCor2019/task-go/api/tasks/services/tasks.services.go:15.16,16.72 1 1
github.com/HenCor2019/task-go/api/tasks/services/tasks.services.go:22.75,24.16 2 1
github.com/HenCor2019/task-go/api/tasks/services/tasks.services.go:28.2,29.16 2 1
github.com/HenCor2019/task-go/api/tasks/services/tasks.services.go:33.2,35.16 2 1
github.com/HenCor2019/task-go/api/tasks/services/tasks.services.go:24.16,25.66 1 1
github.com/HenCor2019/task-go/api/tasks/services/tasks.services.go:29.16,30.78 1 1
github.com/HenCor2019/task-go/api/tasks/services/tasks.services.go:35.16,36.74 1 1
github.com/HenCor2019/task-go/api/users/services/users.service.go:9.76,11.16 2 1
github.com/HenCor2019/task-go/api/users/services/users.service.go:15.2,15.18 1 1
github.com/HenCor2019/task-go/api/users/services/users.service.go:11.16,12.75 1 1
github.com/HenCor2019/task-go/api/users/services/users.service.go:18.55,20.32 2 1
github.com/HenCor2019/task-go/api/users/services/users.service.go:24.2,24.13 1 1
github.com/HenCor2019/task-go/api/users/services/users.service.go:20.32,21.64 1 1
github.com/HenCor2019/task-go/api/users/services/users.service.go:27.65,29.32 2 1
github.com/HenCor2019/task-go/api/users/services/users.service.go:33.2,34.16 2 1
github.com/HenCor2019/task-go/api/users/services/users.service.go:38.2,38.20 1 1
github.com/HenCor2019/task-go/api/users/services/users.service.go:29.32,30.64 1 1
github.com/HenCor2019/task-go/api/users/services/users.service.go:34.16,35.74 1 1
github.com/HenCor2019/task-go/api/users/services/users.service.go:41.40,43.16 2 1
github.com/HenCor2019/task-go/api/users/services/users.service.go:47.2,47.14 1 1
github.com/HenCor2019/task-go/api/users/services/users.service.go:43.16,44.73 1 1
github.com/HenCor2019/task-go/api/users/services/services.go:21.61,23.2 1 1
